<?xml version="1.0" encoding="UTF-8"?>
<!-- Generated by org.testng.reporters.JUnitXMLReporter -->
<testsuite ignored="0" hostname="TarushDubale" failures="0" tests="4" name="Default test" time="0.292" errors="0" timestamp="2026-07-13T20:36:19 IST">
  <testcase classname="test.TestCases" name="login" time="0.076"/>
  <testcase classname="test.TestCases" name="search" time="0.008"/>
  <testcase classname="test.TestCases" name="dashboard" time="0.004"/>
  <testcase classname="test.TestCases" name="logout" time="0.005"/>
</testsuite> <!-- Default test -->
