<?xml version="1.0" encoding="UTF-8"?>
<!-- Generated by org.testng.reporters.JUnitXMLReporter -->
<testsuite ignored="0" hostname="TarushDubale" failures="0" tests="3" name="Test" time="0.127" errors="0" timestamp="2026-07-16T21:52:44 IST">
  <testcase classname="parallel.ParallelMethods" name="dashboard" time="0.024"/>
  <testcase classname="parallel.ParallelMethods" name="search" time="0.024"/>
  <testcase classname="parallel.ParallelMethods" name="login" time="0.024"/>
</testsuite> <!-- Test -->
