<?xml version="1.0" encoding="UTF-8"?>
<!-- Generated by org.testng.reporters.JUnitXMLReporter -->
<testsuite ignored="2" hostname="TarushDubale" failures="1" tests="8" name="Test" time="0.139" errors="0" timestamp="2026-07-15T21:52:12 IST">
  <testcase classname="enable.DependsOnMethod" name="login" time="0.017"/>
  <testcase classname="enable.DependsOnMethod" name="dashboard" time="0.003"/>
  <testcase classname="enable.DependsOnMethod" name="payment" time="0.005">
    <failure type="java.lang.ArithmeticException" message="/ by zero">
      <![CDATA[java.lang.ArithmeticException: / by zero
at enable.DependsOnMethod.payment(DependsOnMethod.java:22)
at java.base/java.util.ArrayList.forEach(ArrayList.java:1596)
... Removed 25 stack frames]]>
    </failure>
  </testcase> <!-- payment -->
  <testcase classname="enable.DependsOnMethod" name="logout" time="0.0">
    <skipped/>
  </testcase> <!-- logout -->
  <testcase classname="enable.EnableAndDisable" name="testcaseFive" time="0.003"/>
  <testcase classname="enable.EnableAndDisable" name="testcaseOne" time="0.004"/>
  <testcase classname="enable.EnableAndDisable" name="testcaseTwo" time="0.006"/>
  <testcase classname="test.AnnotationsConcept" name="testcase" time="0.002"/>
  <testcase classname="enable.EnableAndDisable" name="testcaseFour" time="0.0">
    <ignored/>
  </testcase> <!-- testcaseFour -->
  <testcase classname="enable.EnableAndDisable" name="testcaseThree" time="0.0">
    <ignored/>
  </testcase> <!-- testcaseThree -->
</testsuite> <!-- Test -->
