<?xml version="1.0" encoding="UTF-8"?>
<testng-results ignored="0" total="3" passed="3" failed="0" skipped="0">
  <reporter-output>
  </reporter-output>
  <suite started-at="2026-07-16T21:52:44 IST" name="Suite" finished-at="2026-07-16T21:52:44 IST" duration-ms="127">
    <groups>
    </groups>
    <test started-at="2026-07-16T21:52:44 IST" name="Test" finished-at="2026-07-16T21:52:44 IST" duration-ms="127">
      <class name="parallel.ParallelMethods">
        <test-method signature="search()[pri:0, instance:parallel.ParallelMethods@65466a6a]" started-at="2026-07-16T21:52:44 IST" name="search" finished-at="2026-07-16T21:52:44 IST" duration-ms="24" status="PASS">
          <reporter-output>
          </reporter-output>
        </test-method> <!-- search -->
        <test-method signature="dashboard()[pri:0, instance:parallel.ParallelMethods@65466a6a]" started-at="2026-07-16T21:52:44 IST" name="dashboard" finished-at="2026-07-16T21:52:44 IST" duration-ms="24" status="PASS">
          <reporter-output>
          </reporter-output>
        </test-method> <!-- dashboard -->
        <test-method signature="login()[pri:0, instance:parallel.ParallelMethods@65466a6a]" started-at="2026-07-16T21:52:44 IST" name="login" finished-at="2026-07-16T21:52:44 IST" duration-ms="24" status="PASS">
          <reporter-output>
          </reporter-output>
        </test-method> <!-- login -->
      </class> <!-- parallel.ParallelMethods -->
    </test> <!-- Test -->
  </suite> <!-- Suite -->
</testng-results>
