<?xml version="1.0" encoding="UTF-8"?>
<!-- Generated by org.testng.reporters.JUnitReportReporter -->
<testsuite hostname="TarushDubale" failures="0" tests="4" name="test.TestCases" time="0.093" errors="0" timestamp="2026-07-13T20:36:21 IST" skipped="0">
  <testcase classname="test.TestCases" name="login" time="0.076"/>
  <system-out/>
  <testcase classname="test.TestCases" name="search" time="0.008"/>
  <system-out/>
  <testcase classname="test.TestCases" name="dashboard" time="0.004"/>
  <system-out/>
  <testcase classname="test.TestCases" name="logout" time="0.005"/>
  <system-out/>
</testsuite> <!-- test.TestCases -->
