<?xml version="1.0" encoding="UTF-8"?>
<!-- Generated by org.testng.reporters.JUnitReportReporter -->
<testsuite hostname="TarushDubale" failures="0" tests="5" name="parallel.ParallelMethods" time="43.180" errors="0" timestamp="2026-07-17T21:08:31 IST" skipped="0">
  <testcase classname="parallel.ParallelMethods" name="dashboard" time="9.031"/>
  <system-out/>
  <testcase classname="parallel.ParallelMethods" name="login" time="8.465"/>
  <system-out/>
  <testcase classname="parallel.ParallelMethods" name="demo" time="10.486"/>
  <system-out/>
  <testcase classname="parallel.ParallelMethods" name="search" time="8.038"/>
  <system-out/>
  <testcase classname="parallel.ParallelMethods" name="payment" time="7.160"/>
  <system-out/>
</testsuite> <!-- parallel.ParallelMethods -->
