<?xml version="1.0" encoding="UTF-8"?>
<!-- Generated by org.testng.reporters.JUnitReportReporter -->
<testsuite hostname="TarushDubale" failures="0" tests="3" name="test.BeforeTest_Concept" time="0.057" errors="0" timestamp="2026-07-14T21:42:28 IST" skipped="0">
  <testcase classname="test.BeforeTest_Concept" name="loginTest" time="0.041"/>
  <system-out/>
  <testcase classname="test.BeforeTest_Concept" name="searchTest" time="0.006"/>
  <system-out/>
  <testcase classname="test.BeforeTest_Concept" name="Payment" time="0.010"/>
  <system-out/>
</testsuite> <!-- test.BeforeTest_Concept -->
