<?xml version="1.0" encoding="UTF-8"?>
<!-- Generated by org.testng.reporters.JUnitReportReporter -->
<testsuite hostname="TarushDubale" failures="0" tests="3" name="group.Grouping" time="0.016" errors="0" timestamp="2026-07-16T21:17:25 IST" skipped="0">
  <testcase classname="group.Grouping" name="login" time="0.001"/>
  <system-out/>
  <testcase classname="group.Grouping" name="logout" time="0.001"/>
  <system-out/>
  <testcase classname="group.Grouping" name="dashboard" time="0.014"/>
  <system-out/>
</testsuite> <!-- group.Grouping -->
