<?xml version="1.0" encoding="UTF-8"?>
<!-- Generated by org.testng.reporters.JUnitReportReporter -->
<testsuite hostname="TarushDubale" failures="0" tests="3" name="test.BeforeClass_Concept" time="0.044" errors="0" timestamp="2026-07-14T21:36:06 IST" skipped="0">
  <testcase classname="test.BeforeClass_Concept" name="loginTest" time="0.033"/>
  <system-out/>
  <testcase classname="test.BeforeClass_Concept" name="searchTest" time="0.005"/>
  <system-out/>
  <testcase classname="test.BeforeClass_Concept" name="Payment" time="0.006"/>
  <system-out/>
</testsuite> <!-- test.BeforeClass_Concept -->
