<?xml version="1.0" encoding="UTF-8"?>
<!-- Generated by org.testng.reporters.JUnitReportReporter -->
<testsuite hostname="TarushDubale" failures="0" tests="2" name="test.BeforeMethod_Concept" time="0.051" errors="0" timestamp="2026-07-14T21:24:37 IST" skipped="0">
  <testcase classname="test.BeforeMethod_Concept" name="validLoginTest" time="0.005"/>
  <system-out/>
  <testcase classname="test.BeforeMethod_Concept" name="inValidLoginTest" time="0.046"/>
  <system-out/>
</testsuite> <!-- test.BeforeMethod_Concept -->
