<?xml version="1.0" encoding="UTF-8"?>
<!-- Generated by org.testng.reporters.JUnitReportReporter -->
<testsuite hostname="TarushDubale" failures="0" tests="3" name="parallel.ParallelMethods" time="0.072" errors="0" timestamp="2026-07-16T21:52:45 IST" skipped="0">
  <testcase classname="parallel.ParallelMethods" name="search" time="0.024"/>
  <system-out/>
  <testcase classname="parallel.ParallelMethods" name="dashboard" time="0.024"/>
  <system-out/>
  <testcase classname="parallel.ParallelMethods" name="login" time="0.024"/>
  <system-out/>
</testsuite> <!-- parallel.ParallelMethods -->
