<?xml version="1.0" encoding="UTF-8"?>
<!-- Generated by org.testng.reporters.JUnitReportReporter -->
<testsuite hostname="TarushDubale" failures="0" tests="5" name="enable.EnableAndDisable" time="0.013" errors="0" timestamp="2026-07-15T21:52:12 IST" skipped="2">
  <testcase classname="enable.EnableAndDisable" name="testcaseFive" time="0.003"/>
  <system-out/>
  <testcase classname="enable.EnableAndDisable" name="testcaseTwo" time="0.006"/>
  <system-out/>
  <testcase classname="enable.EnableAndDisable" name="testcaseOne" time="0.004"/>
  <system-out/>
  <testcase classname="enable.EnableAndDisable" name="testcaseFour">
    <skipped/>
  </testcase> <!-- testcaseFour -->
  <system-out/>
  <testcase classname="enable.EnableAndDisable" name="testcaseThree">
    <skipped/>
  </testcase> <!-- testcaseThree -->
  <system-out/>
</testsuite> <!-- enable.EnableAndDisable -->
